<?xml version="1.0" encoding="UTF-8"?>
<!-- Generated by org.testng.reporters.JUnitXMLReporter -->
<testsuite hostname="EIT-20130101WFQ" ignored="0" name="TestUser" tests="7" failures="1" timestamp="2020-09-16T16:46:34 CST" time="15.311" errors="0">
  <testcase name="loginTrue" time="0.541" classname="com.test.testcase.LoginTest"/>
  <testcase name="loginFalse" time="0.036" classname="com.test.testcase.LoginTest"/>
  <testcase name="getUserInfo" time="0.053" classname="com.test.testcase.GetUserInfoTest"/>
  <testcase name="addUser" time="3.047" classname="com.test.testcase.AddUserTest"/>
  <testcase name="getUserList" time="0.13" classname="com.test.testcase.GetUserListTest"/>
  <testcase name="deleteUserInfo" time="6.048" classname="com.test.testcase.UpdateUserInfoTest"/>
  <testcase name="updateUserInfo" time="5.072" classname="com.test.testcase.UpdateUserInfoTest">
    <failure type="java.lang.AssertionError" message="expected object to not be null">
      <![CDATA[java.lang.AssertionError: expected object to not be null
at com.test.testcase.UpdateUserInfoTest.updateUserInfo(UpdateUserInfoTest.java:33)
at java.util.ArrayList.forEach(ArrayList.java:1257)
... Removed 33 stack frames]]>
    </failure>
  </testcase> <!-- updateUserInfo -->
</testsuite> <!-- TestUser -->
