<?xml version="1.0" encoding="UTF-8"?>
<!-- Generated by org.testng.reporters.JUnitXMLReporter -->
<testsuite hostname="EIT-20130101WFQ" ignored="0" name="TestUser" tests="7" failures="0" timestamp="2020-09-17T21:49:20 CST" time="15.517" errors="0">
  <testcase name="loginTrue" time="0.763" classname="com.test.testcase.LoginTest"/>
  <testcase name="loginFalse" time="0.034" classname="com.test.testcase.LoginTest"/>
  <testcase name="getUserInfo" time="0.059" classname="com.test.testcase.GetUserInfoTest"/>
  <testcase name="addUser" time="3.044" classname="com.test.testcase.AddUserTest"/>
  <testcase name="getUserList" time="0.139" classname="com.test.testcase.GetUserListTest"/>
  <testcase name="deleteUserInfo" time="6.049" classname="com.test.testcase.UpdateUserInfoTest"/>
  <testcase name="updateUserInfo" time="5.07" classname="com.test.testcase.UpdateUserInfoTest"/>
</testsuite> <!-- TestUser -->
