<?xml version="1.0" encoding="UTF-8"?>
<testng-results skipped="0" failed="0" ignored="0" total="7" passed="7">
  <reporter-output>
  </reporter-output>
  <suite name="用户管理系统测试" duration-ms="15517" started-at="2020-09-17T21:49:04 CST" finished-at="2020-09-17T21:49:20 CST">
    <groups>
      <group name="loginTrue">
        <method signature="LoginTest.loginTrue()[pri:0, instance:com.test.testcase.LoginTest@754ba872]" name="loginTrue" class="com.test.testcase.LoginTest"/>
      </group> <!-- loginTrue -->
      <group name="loginFalse">
        <method signature="LoginTest.loginFalse()[pri:0, instance:com.test.testcase.LoginTest@754ba872]" name="loginFalse" class="com.test.testcase.LoginTest"/>
      </group> <!-- loginFalse -->
    </groups>
    <test name="TestUser" duration-ms="15517" started-at="2020-09-17T21:49:04 CST" finished-at="2020-09-17T21:49:20 CST">
      <class name="com.test.testcase.GetUserInfoTest">
        <test-method status="PASS" signature="getUserInfo()[pri:0, instance:com.test.testcase.GetUserInfoTest@146ba0ac]" name="getUserInfo" duration-ms="59" depends-on-groups="loginTrue" started-at="2020-09-17T21:49:06 CST" description="获取用户信息" finished-at="2020-09-17T21:49:06 CST">
          <reporter-output>
          </reporter-output>
        </test-method> <!-- getUserInfo -->
      </class> <!-- com.test.testcase.GetUserInfoTest -->
      <class name="com.test.testcase.AddUserTest">
        <test-method status="PASS" signature="addUser()[pri:0, instance:com.test.testcase.AddUserTest@4dfa3a9d]" name="addUser" duration-ms="3044" depends-on-groups="loginTrue" started-at="2020-09-17T21:49:06 CST" description="添加用户测试" finished-at="2020-09-17T21:49:09 CST">
          <reporter-output>
          </reporter-output>
        </test-method> <!-- addUser -->
      </class> <!-- com.test.testcase.AddUserTest -->
      <class name="com.test.testcase.UpdateUserInfoTest">
        <test-method status="PASS" signature="deleteUserInfo()[pri:0, instance:com.test.testcase.UpdateUserInfoTest@464bee09]" name="deleteUserInfo" duration-ms="6049" depends-on-groups="loginTrue" started-at="2020-09-17T21:49:09 CST" description="删除用户信息" finished-at="2020-09-17T21:49:15 CST">
          <reporter-output>
          </reporter-output>
        </test-method> <!-- deleteUserInfo -->
        <test-method status="PASS" signature="updateUserInfo()[pri:0, instance:com.test.testcase.UpdateUserInfoTest@464bee09]" name="updateUserInfo" duration-ms="5070" depends-on-groups="loginTrue" started-at="2020-09-17T21:49:15 CST" description="修改用户信息" finished-at="2020-09-17T21:49:20 CST">
          <reporter-output>
          </reporter-output>
        </test-method> <!-- updateUserInfo -->
      </class> <!-- com.test.testcase.UpdateUserInfoTest -->
      <class name="com.test.testcase.GetUserListTest">
        <test-method status="PASS" signature="getUserList()[pri:0, instance:com.test.testcase.GetUserListTest@6eebc39e]" name="getUserList" duration-ms="139" depends-on-groups="loginTrue" started-at="2020-09-17T21:49:09 CST" description="获取用户列表测试" finished-at="2020-09-17T21:49:09 CST">
          <reporter-output>
          </reporter-output>
        </test-method> <!-- getUserList -->
      </class> <!-- com.test.testcase.GetUserListTest -->
      <class name="com.test.testcase.LoginTest">
        <test-method status="PASS" signature="beforTest()[pri:0, instance:com.test.testcase.LoginTest@754ba872]" name="beforTest" is-config="true" duration-ms="327" started-at="2020-09-17T21:49:04 CST" description="测试准备工作" finished-at="2020-09-17T21:49:05 CST">
          <reporter-output>
          </reporter-output>
        </test-method> <!-- beforTest -->
        <test-method status="PASS" signature="loginTrue()[pri:0, instance:com.test.testcase.LoginTest@754ba872]" name="loginTrue" duration-ms="763" started-at="2020-09-17T21:49:05 CST" description="用户登录成功接口测试" finished-at="2020-09-17T21:49:06 CST">
          <reporter-output>
          </reporter-output>
        </test-method> <!-- loginTrue -->
        <test-method status="PASS" signature="loginFalse()[pri:0, instance:com.test.testcase.LoginTest@754ba872]" name="loginFalse" duration-ms="34" started-at="2020-09-17T21:49:06 CST" description="用户登录失败接口测试" finished-at="2020-09-17T21:49:06 CST">
          <reporter-output>
          </reporter-output>
        </test-method> <!-- loginFalse -->
      </class> <!-- com.test.testcase.LoginTest -->
    </test> <!-- TestUser -->
  </suite> <!-- 用户管理系统测试 -->
</testng-results>
